<?xml version="1.0" encoding="UTF-8"?>
<!-- Generated by org.testng.reporters.JUnitReportReporter -->
<testsuite skipped="0" hostname="SMSL044" name="suiteTest.Regression" tests="1" failures="0" timestamp="10 abr 2019 09:30:50 GMT" time="147.283" errors="0">
  <testcase name="generateInvitation" time="147.283" classname="suiteTest.Regression"/>
</testsuite> <!-- suiteTest.Regression -->
