<?xml version="1.0" encoding="UTF-8"?>
<!-- Generated by org.testng.reporters.JUnitReportReporter -->
<testsuite skipped="0" hostname="SMSL187" name="suiteTest.Regresion_Web_Mail" tests="3" failures="0" timestamp="08 oct 2019 14:39:28 GMT" time="160.032" errors="0">
  <testcase name="M_Mobile_Atender_01" time="128.194" classname="suiteTest.Regresion_Web_Mail"/>
  <testcase name="M_Ingresar_01" time="15.178" classname="suiteTest.Regresion_Web_Mail"/>
  <testcase name="D_Mobile_EnvioInvitacion_02" time="16.660" classname="suiteTest.Regresion_Web_Mail"/>
</testsuite> <!-- suiteTest.Regresion_Web_Mail -->
