<?xml version="1.0" encoding="UTF-8"?>
<!-- Generated by org.testng.reporters.JUnitReportReporter -->
<testsuite skipped="0" hostname="SMSL187" name="suiteTest.Regresion_Socio_SMS" tests="1" failures="0" timestamp="08 oct 2019 18:10:53 GMT" time="79.436" errors="0">
  <testcase name="S_RealizarVC_01" time="79.436" classname="suiteTest.Regresion_Socio_SMS"/>
</testsuite> <!-- suiteTest.Regresion_Socio_SMS -->
