<?xml version="1.0" encoding="UTF-8"?>
<!-- Generated by org.testng.reporters.JUnitReportReporter -->
<testsuite skipped="0" hostname="SMSL044" name="suiteTest.Regresion_Web" tests="3" failures="0" timestamp="18 jul 2019 19:18:48 GMT" time="248.045" errors="0">
  <testcase name="M_Ingresar_01" time="54.646" classname="suiteTest.Regresion_Web"/>
  <testcase name="M_Mobile_Atender_01" time="117.553" classname="suiteTest.Regresion_Web"/>
  <testcase name="D_Mobile_EnvioInvitacion_01" time="75.846" classname="suiteTest.Regresion_Web"/>
</testsuite> <!-- suiteTest.Regresion_Web -->
