<?xml version="1.0" encoding="UTF-8"?>
<!-- Generated by org.testng.reporters.JUnitReportReporter -->
<testsuite skipped="0" hostname="NOELIA-PC" name="suiteTest.Regresion_Socio" tests="1" failures="0" timestamp="15 jul 2019 18:07:04 GMT" time="115.351" errors="0">
  <testcase name="S_RealizarVC_01" time="115.351" classname="suiteTest.Regresion_Socio"/>
</testsuite> <!-- suiteTest.Regresion_Socio -->
