<?xml version="1.0" encoding="UTF-8"?>
<!-- Generated by org.testng.reporters.JUnitReportReporter -->
<testsuite skipped="0" hostname="SMSL044" name="suiteTest.Regresion_Socio" tests="1" failures="0" timestamp="18 jul 2019 19:18:48 GMT" time="122.704" errors="0">
  <testcase name="S_RealizarVC_01" time="122.704" classname="suiteTest.Regresion_Socio"/>
</testsuite> <!-- suiteTest.Regresion_Socio -->
