<?xml version="1.0" encoding="UTF-8"?>
<!-- Generated by org.testng.reporters.JUnitReportReporter -->
<testsuite skipped="0" hostname="SMSL187" name="suiteTest.Regresion_Web_SMS" tests="3" failures="0" timestamp="08 oct 2019 14:48:25 GMT" time="144.031" errors="0">
  <testcase name="D_Mobile_EnvioInvitacion_01" time="13.978" classname="suiteTest.Regresion_Web_SMS"/>
  <testcase name="M_Mobile_Atender_01" time="117.055" classname="suiteTest.Regresion_Web_SMS"/>
  <testcase name="M_Ingresar_01" time="12.998" classname="suiteTest.Regresion_Web_SMS"/>
</testsuite> <!-- suiteTest.Regresion_Web_SMS -->
