<?xml version="1.0" encoding="UTF-8"?>
<!-- Generated by org.testng.reporters.JUnitReportReporter -->
<testsuite skipped="0" hostname="SMSL044" name="suiteTest.Regresion_Android" tests="1" failures="0" timestamp="11 jul 2019 19:27:28 GMT" time="78.608" errors="0">
  <testcase name="S_Home_02" time="78.608" classname="suiteTest.Regresion_Android"/>
</testsuite> <!-- suiteTest.Regresion_Android -->
