<?xml version="1.0" encoding="UTF-8"?>
<!-- Generated by org.testng.reporters.JUnitReportReporter -->
<testsuite skipped="0" hostname="SMSL044" name="suiteTest.Regression" tests="1" failures="0" timestamp="06 abr 2019 20:04:25 GMT" time="97.293" errors="0">
  <testcase name="generateInvitation" time="97.293" classname="suiteTest.Regression"/>
</testsuite> <!-- suiteTest.Regression -->
